0 info it worked if it ends with ok
1 verbose cli [ '/Users/rickyrajani/.nvm/versions/node/v4.1.0/bin/node',
1 verbose cli   '/Users/rickyrajani/.nvm/versions/node/v4.1.0/bin/npm',
1 verbose cli   'stop' ]
2 info using npm@2.14.3
3 info using node@v4.1.0
4 verbose stack Error: ENOENT: no such file or directory, open '/Users/rickyrajani/Documents/Tumblr/data-lasso/package.json'
4 verbose stack     at Error (native)
5 verbose cwd /Users/rickyrajani/Documents/Tumblr/data-lasso
6 error Darwin 15.5.0
7 error argv "/Users/rickyrajani/.nvm/versions/node/v4.1.0/bin/node" "/Users/rickyrajani/.nvm/versions/node/v4.1.0/bin/npm" "stop"
8 error node v4.1.0
9 error npm  v2.14.3
10 error path /Users/rickyrajani/Documents/Tumblr/data-lasso/package.json
11 error code ENOENT
12 error errno -2
13 error syscall open
14 error enoent ENOENT: no such file or directory, open '/Users/rickyrajani/Documents/Tumblr/data-lasso/package.json'
14 error enoent This is most likely not a problem with npm itself
14 error enoent and is related to npm not being able to find a file.
15 verbose exit [ -2, true ]
